<?xml version="1.0" encoding="UTF-8"?>
<!-- Generated by org.testng.reporters.JUnitReportReporter -->
<testsuite skipped="0" hostname="VMT4532" name="com.geico.TC_Login" tests="1" failures="0" timestamp="23 Apr 2019 12:45:04 GMT" time="3.221" errors="0">
  <testcase name="LoginTest" time="3.221" classname="com.geico.TC_Login"/>
</testsuite> <!-- com.geico.TC_Login -->
